[    1026ms] [ERROR] Permissions policy violation: unload is not allowed in this document. @ https://static.xx.fbcdn.net/rsrc.php/v4/y2/r/JJ4tWEgqL9L.js:322
[    3903ms] [WARNING] Canvas2D: Multiple readback operations using getImageData are faster with the willReadFrequently attribute set to true. See: https://html.spec.whatwg.org/multipage/canvas.html#concept-canvas-will-read-frequently @ https://static.xx.fbcdn.net/rsrc.php/v4iO-H4/yw/l/fr_FR-j/7GiCVNmH_BgX2ZHLEUXqoaka3l-_mQZSNUcf3x_5796rR4Myw6McjiP_AakZeXRoyGqYorAWuZRzGObpXdY0598gA2bPWdC7OKpG6Ld4exiDikwmIN6GpK_3TV0Ek95w8ZBQx64JZ5l7iQDcm9z45fsWgtlOEv63oJZUlrbXV02kTAepFHFyKhvhaS-S92g7LWzTJefssQBq5QuWZ4GtnsEJwWxSFvMleaT1mZVN8Ein5iQGUF76XPmaBQzyT-qTgHxilZsOFSECzK2zI7cp-KHhrSD62FdFvOqQJf7fNGL85JCVpvVKKt4ix9WnvuDCt-B81RAVhX.js:46
[    3916ms] [WARNING] Canvas2D: Multiple readback operations using getImageData are faster with the willReadFrequently attribute set to true. See: https://html.spec.whatwg.org/multipage/canvas.html#concept-canvas-will-read-frequently @ https://static.xx.fbcdn.net/rsrc.php/v4iO-H4/yw/l/fr_FR-j/7GiCVNmH_BgX2ZHLEUXqoaka3l-_mQZSNUcf3x_5796rR4Myw6McjiP_AakZeXRoyGqYorAWuZRzGObpXdY0598gA2bPWdC7OKpG6Ld4exiDikwmIN6GpK_3TV0Ek95w8ZBQx64JZ5l7iQDcm9z45fsWgtlOEv63oJZUlrbXV02kTAepFHFyKhvhaS-S92g7LWzTJefssQBq5QuWZ4GtnsEJwWxSFvMleaT1mZVN8Ein5iQGUF76XPmaBQzyT-qTgHxilZsOFSECzK2zI7cp-KHhrSD62FdFvOqQJf7fNGL85JCVpvVKKt4ix9WnvuDCt-B81RAVhX.js:46
[    3922ms] [WARNING] Canvas2D: Multiple readback operations using getImageData are faster with the willReadFrequently attribute set to true. See: https://html.spec.whatwg.org/multipage/canvas.html#concept-canvas-will-read-frequently @ https://static.xx.fbcdn.net/rsrc.php/v4iO-H4/yw/l/fr_FR-j/7GiCVNmH_BgX2ZHLEUXqoaka3l-_mQZSNUcf3x_5796rR4Myw6McjiP_AakZeXRoyGqYorAWuZRzGObpXdY0598gA2bPWdC7OKpG6Ld4exiDikwmIN6GpK_3TV0Ek95w8ZBQx64JZ5l7iQDcm9z45fsWgtlOEv63oJZUlrbXV02kTAepFHFyKhvhaS-S92g7LWzTJefssQBq5QuWZ4GtnsEJwWxSFvMleaT1mZVN8Ein5iQGUF76XPmaBQzyT-qTgHxilZsOFSECzK2zI7cp-KHhrSD62FdFvOqQJf7fNGL85JCVpvVKKt4ix9WnvuDCt-B81RAVhX.js:46
[    3929ms] [WARNING] Canvas2D: Multiple readback operations using getImageData are faster with the willReadFrequently attribute set to true. See: https://html.spec.whatwg.org/multipage/canvas.html#concept-canvas-will-read-frequently @ https://static.xx.fbcdn.net/rsrc.php/v4iO-H4/yw/l/fr_FR-j/7GiCVNmH_BgX2ZHLEUXqoaka3l-_mQZSNUcf3x_5796rR4Myw6McjiP_AakZeXRoyGqYorAWuZRzGObpXdY0598gA2bPWdC7OKpG6Ld4exiDikwmIN6GpK_3TV0Ek95w8ZBQx64JZ5l7iQDcm9z45fsWgtlOEv63oJZUlrbXV02kTAepFHFyKhvhaS-S92g7LWzTJefssQBq5QuWZ4GtnsEJwWxSFvMleaT1mZVN8Ein5iQGUF76XPmaBQzyT-qTgHxilZsOFSECzK2zI7cp-KHhrSD62FdFvOqQJf7fNGL85JCVpvVKKt4ix9WnvuDCt-B81RAVhX.js:46
[    3986ms] [WARNING] Canvas2D: Multiple readback operations using getImageData are faster with the willReadFrequently attribute set to true. See: https://html.spec.whatwg.org/multipage/canvas.html#concept-canvas-will-read-frequently @ https://static.xx.fbcdn.net/rsrc.php/v4iO-H4/yw/l/fr_FR-j/7GiCVNmH_BgX2ZHLEUXqoaka3l-_mQZSNUcf3x_5796rR4Myw6McjiP_AakZeXRoyGqYorAWuZRzGObpXdY0598gA2bPWdC7OKpG6Ld4exiDikwmIN6GpK_3TV0Ek95w8ZBQx64JZ5l7iQDcm9z45fsWgtlOEv63oJZUlrbXV02kTAepFHFyKhvhaS-S92g7LWzTJefssQBq5QuWZ4GtnsEJwWxSFvMleaT1mZVN8Ein5iQGUF76XPmaBQzyT-qTgHxilZsOFSECzK2zI7cp-KHhrSD62FdFvOqQJf7fNGL85JCVpvVKKt4ix9WnvuDCt-B81RAVhX.js:46
[    4830ms] [WARNING] Canvas2D: Multiple readback operations using getImageData are faster with the willReadFrequently attribute set to true. See: https://html.spec.whatwg.org/multipage/canvas.html#concept-canvas-will-read-frequently @ https://static.xx.fbcdn.net/rsrc.php/v4iO-H4/yw/l/fr_FR-j/7GiCVNmH_BgX2ZHLEUXqoaka3l-_mQZSNUcf3x_5796rR4Myw6McjiP_AakZeXRoyGqYorAWuZRzGObpXdY0598gA2bPWdC7OKpG6Ld4exiDikwmIN6GpK_3TV0Ek95w8ZBQx64JZ5l7iQDcm9z45fsWgtlOEv63oJZUlrbXV02kTAepFHFyKhvhaS-S92g7LWzTJefssQBq5QuWZ4GtnsEJwWxSFvMleaT1mZVN8Ein5iQGUF76XPmaBQzyT-qTgHxilZsOFSECzK2zI7cp-KHhrSD62FdFvOqQJf7fNGL85JCVpvVKKt4ix9WnvuDCt-B81RAVhX.js:46
[    4836ms] [WARNING] Canvas2D: Multiple readback operations using getImageData are faster with the willReadFrequently attribute set to true. See: https://html.spec.whatwg.org/multipage/canvas.html#concept-canvas-will-read-frequently @ https://static.xx.fbcdn.net/rsrc.php/v4iO-H4/yw/l/fr_FR-j/7GiCVNmH_BgX2ZHLEUXqoaka3l-_mQZSNUcf3x_5796rR4Myw6McjiP_AakZeXRoyGqYorAWuZRzGObpXdY0598gA2bPWdC7OKpG6Ld4exiDikwmIN6GpK_3TV0Ek95w8ZBQx64JZ5l7iQDcm9z45fsWgtlOEv63oJZUlrbXV02kTAepFHFyKhvhaS-S92g7LWzTJefssQBq5QuWZ4GtnsEJwWxSFvMleaT1mZVN8Ein5iQGUF76XPmaBQzyT-qTgHxilZsOFSECzK2zI7cp-KHhrSD62FdFvOqQJf7fNGL85JCVpvVKKt4ix9WnvuDCt-B81RAVhX.js:46
[    4845ms] [WARNING] Canvas2D: Multiple readback operations using getImageData are faster with the willReadFrequently attribute set to true. See: https://html.spec.whatwg.org/multipage/canvas.html#concept-canvas-will-read-frequently @ https://static.xx.fbcdn.net/rsrc.php/v4iO-H4/yw/l/fr_FR-j/7GiCVNmH_BgX2ZHLEUXqoaka3l-_mQZSNUcf3x_5796rR4Myw6McjiP_AakZeXRoyGqYorAWuZRzGObpXdY0598gA2bPWdC7OKpG6Ld4exiDikwmIN6GpK_3TV0Ek95w8ZBQx64JZ5l7iQDcm9z45fsWgtlOEv63oJZUlrbXV02kTAepFHFyKhvhaS-S92g7LWzTJefssQBq5QuWZ4GtnsEJwWxSFvMleaT1mZVN8Ein5iQGUF76XPmaBQzyT-qTgHxilZsOFSECzK2zI7cp-KHhrSD62FdFvOqQJf7fNGL85JCVpvVKKt4ix9WnvuDCt-B81RAVhX.js:46
[    4853ms] [WARNING] Canvas2D: Multiple readback operations using getImageData are faster with the willReadFrequently attribute set to true. See: https://html.spec.whatwg.org/multipage/canvas.html#concept-canvas-will-read-frequently @ https://static.xx.fbcdn.net/rsrc.php/v4iO-H4/yw/l/fr_FR-j/7GiCVNmH_BgX2ZHLEUXqoaka3l-_mQZSNUcf3x_5796rR4Myw6McjiP_AakZeXRoyGqYorAWuZRzGObpXdY0598gA2bPWdC7OKpG6Ld4exiDikwmIN6GpK_3TV0Ek95w8ZBQx64JZ5l7iQDcm9z45fsWgtlOEv63oJZUlrbXV02kTAepFHFyKhvhaS-S92g7LWzTJefssQBq5QuWZ4GtnsEJwWxSFvMleaT1mZVN8Ein5iQGUF76XPmaBQzyT-qTgHxilZsOFSECzK2zI7cp-KHhrSD62FdFvOqQJf7fNGL85JCVpvVKKt4ix9WnvuDCt-B81RAVhX.js:46
[    4863ms] [WARNING] Canvas2D: Multiple readback operations using getImageData are faster with the willReadFrequently attribute set to true. See: https://html.spec.whatwg.org/multipage/canvas.html#concept-canvas-will-read-frequently @ https://static.xx.fbcdn.net/rsrc.php/v4iO-H4/yw/l/fr_FR-j/7GiCVNmH_BgX2ZHLEUXqoaka3l-_mQZSNUcf3x_5796rR4Myw6McjiP_AakZeXRoyGqYorAWuZRzGObpXdY0598gA2bPWdC7OKpG6Ld4exiDikwmIN6GpK_3TV0Ek95w8ZBQx64JZ5l7iQDcm9z45fsWgtlOEv63oJZUlrbXV02kTAepFHFyKhvhaS-S92g7LWzTJefssQBq5QuWZ4GtnsEJwWxSFvMleaT1mZVN8Ein5iQGUF76XPmaBQzyT-qTgHxilZsOFSECzK2zI7cp-KHhrSD62FdFvOqQJf7fNGL85JCVpvVKKt4ix9WnvuDCt-B81RAVhX.js:46
[    5130ms] [LOG] 
%cStop ! font-family:helvetica; font-size:20px; font-size:50px; font-weight:bold; color:red; -webkit-text-stroke:1px black; @ https://static.xx.fbcdn.net/rsrc.php/v4/yQ/r/gSWw_ZOWpXl.js:242
[    5130ms] [LOG] 
%cIl s’agit d’une fonctionnalité de navigateur conçue pour les développeurs. Si quelqu’un vous a invité(e) à copier-coller quelque chose ici pour activer une fonctionnalité Facebook ou soit-disant pirater le compte d’un tiers, sachez que c’est une arnaque permettant à cette personne d’accéder à votre compte Facebook. font-family:helvetica; font-size:20px;  @ https://static.xx.fbcdn.net/rsrc.php/v4/yQ/r/gSWw_ZOWpXl.js:242
[    5130ms] [LOG] 
%cConsultez https://www.facebook.com/selfxss pour plus d’informations. font-family:helvetica; font-size:20px;  @ https://static.xx.fbcdn.net/rsrc.php/v4/yQ/r/gSWw_ZOWpXl.js:242
[    5130ms] [LOG] 
%c  @ https://static.xx.fbcdn.net/rsrc.php/v4/yQ/r/gSWw_ZOWpXl.js:242
[    5265ms] [ERROR] Failed to load resource: net::ERR_FAILED @ chrome-extension://invalid/:0
[    5270ms] [ERROR] Failed to load resource: net::ERR_FAILED @ chrome-extension://invalid/:0
[    5270ms] [ERROR] Failed to load resource: net::ERR_FAILED @ chrome-extension://invalid/:0
[    5271ms] [ERROR] Failed to load resource: net::ERR_FAILED @ chrome-extension://invalid/:0
[   20781ms] [ERROR] Permissions policy violation: unload is not allowed in this document. @ https://static.xx.fbcdn.net/rsrc.php/v4/y2/r/JJ4tWEgqL9L.js:322
[   22010ms] [LOG] 
%cStop ! font-family:helvetica; font-size:20px; font-size:50px; font-weight:bold; color:red; -webkit-text-stroke:1px black; @ https://static.xx.fbcdn.net/rsrc.php/v4/yQ/r/gSWw_ZOWpXl.js:242
[   22010ms] [LOG] 
%cIl s’agit d’une fonctionnalité de navigateur conçue pour les développeurs. Si quelqu’un vous a invité(e) à copier-coller quelque chose ici pour activer une fonctionnalité Facebook ou soit-disant pirater le compte d’un tiers, sachez que c’est une arnaque permettant à cette personne d’accéder à votre compte Facebook. font-family:helvetica; font-size:20px;  @ https://static.xx.fbcdn.net/rsrc.php/v4/yQ/r/gSWw_ZOWpXl.js:242
[   22010ms] [LOG] 
%cConsultez https://www.facebook.com/selfxss pour plus d’informations. font-family:helvetica; font-size:20px;  @ https://static.xx.fbcdn.net/rsrc.php/v4/yQ/r/gSWw_ZOWpXl.js:242
[   22010ms] [LOG] 
%c  @ https://static.xx.fbcdn.net/rsrc.php/v4/yQ/r/gSWw_ZOWpXl.js:242
[   22971ms] [WARNING] Canvas2D: Multiple readback operations using getImageData are faster with the willReadFrequently attribute set to true. See: https://html.spec.whatwg.org/multipage/canvas.html#concept-canvas-will-read-frequently @ https://static.xx.fbcdn.net/rsrc.php/v4/yz/r/Ucf3x_5796r.js:9
[   24856ms] [WARNING] Canvas2D: Multiple readback operations using getImageData are faster with the willReadFrequently attribute set to true. See: https://html.spec.whatwg.org/multipage/canvas.html#concept-canvas-will-read-frequently @ https://static.xx.fbcdn.net/rsrc.php/v4/yz/r/Ucf3x_5796r.js:9
[   25424ms] [WARNING] Canvas2D: Multiple readback operations using getImageData are faster with the willReadFrequently attribute set to true. See: https://html.spec.whatwg.org/multipage/canvas.html#concept-canvas-will-read-frequently @ https://static.xx.fbcdn.net/rsrc.php/v4/yz/r/Ucf3x_5796r.js:9
[   25431ms] [WARNING] Canvas2D: Multiple readback operations using getImageData are faster with the willReadFrequently attribute set to true. See: https://html.spec.whatwg.org/multipage/canvas.html#concept-canvas-will-read-frequently @ https://static.xx.fbcdn.net/rsrc.php/v4/yz/r/Ucf3x_5796r.js:9
[   25847ms] [WARNING] Canvas2D: Multiple readback operations using getImageData are faster with the willReadFrequently attribute set to true. See: https://html.spec.whatwg.org/multipage/canvas.html#concept-canvas-will-read-frequently @ https://static.xx.fbcdn.net/rsrc.php/v4/yz/r/Ucf3x_5796r.js:9
[   25858ms] [ERROR] Failed to load resource: net::ERR_FAILED @ chrome-extension://invalid/:0
[   25883ms] [ERROR] Failed to load resource: net::ERR_FAILED @ chrome-extension://invalid/:0
[   25897ms] [ERROR] Failed to load resource: net::ERR_FAILED @ chrome-extension://invalid/:0
[   25908ms] [ERROR] Failed to load resource: net::ERR_FAILED @ chrome-extension://invalid/:0
[   26282ms] [WARNING] Canvas2D: Multiple readback operations using getImageData are faster with the willReadFrequently attribute set to true. See: https://html.spec.whatwg.org/multipage/canvas.html#concept-canvas-will-read-frequently @ https://static.xx.fbcdn.net/rsrc.php/v4/yz/r/Ucf3x_5796r.js:9
[   30777ms] [WARNING] Canvas2D: Multiple readback operations using getImageData are faster with the willReadFrequently attribute set to true. See: https://html.spec.whatwg.org/multipage/canvas.html#concept-canvas-will-read-frequently @ https://static.xx.fbcdn.net/rsrc.php/v4/yz/r/Ucf3x_5796r.js:9
