[     179ms] [ERROR] Failed to load resource: the server responded with a status of 404 () @ https://www.facebook.com/people/LES-Basakata-Questionsreponses/100067644754615/search/?q=apotre:0
[ 1360077ms] [VERBOSE] [DOM] Input elements should have autocomplete attributes (suggested: "current-password"): (More info: https://goo.gl/9p2vKq) %o @ https://www.facebook.com/:0
[ 1360231ms] [LOG] 
%cStop ! font-family:helvetica; font-size:20px; font-size:50px; font-weight:bold; color:red; -webkit-text-stroke:1px black; @ https://static.xx.fbcdn.net/rsrc.php/v4/yn/r/1Rk4BX8YPYQ.js:242
[ 1360231ms] [LOG] 
%cIl s’agit d’une fonctionnalité de navigateur conçue pour les développeurs. Si quelqu’un vous a invité(e) à copier-coller quelque chose ici pour activer une fonctionnalité Facebook ou soit-disant pirater le compte d’un tiers, sachez que c’est une arnaque permettant à cette personne d’accéder à votre compte Facebook. font-family:helvetica; font-size:20px;  @ https://static.xx.fbcdn.net/rsrc.php/v4/yn/r/1Rk4BX8YPYQ.js:242
[ 1360231ms] [LOG] 
%cConsultez https://www.facebook.com/selfxss pour plus d’informations. font-family:helvetica; font-size:20px;  @ https://static.xx.fbcdn.net/rsrc.php/v4/yn/r/1Rk4BX8YPYQ.js:242
[ 1360231ms] [LOG] 
%c  @ https://static.xx.fbcdn.net/rsrc.php/v4/yn/r/1Rk4BX8YPYQ.js:242
[ 1385535ms] [ERROR] ErrorUtils caught an error:

Missing cryptedUid for successful web login

Subsequent non-fatal errors won't be logged; see https://fburl.com/debugjs. {column: 17870, clientTime: 1776451633, extra: Object, guardList: Array(1), hash: pgu332} @ https://static.xx.fbcdn.net/rsrc.php/v4/yn/r/1Rk4BX8YPYQ.js:78
[ 1385870ms] [LOG] 
%cStop ! font-family:helvetica; font-size:20px; font-size:50px; font-weight:bold; color:red; -webkit-text-stroke:1px black; @ https://static.xx.fbcdn.net/rsrc.php/v4/yn/r/1Rk4BX8YPYQ.js:242
[ 1385870ms] [LOG] 
%cIl s’agit d’une fonctionnalité de navigateur conçue pour les développeurs. Si quelqu’un vous a invité(e) à copier-coller quelque chose ici pour activer une fonctionnalité Facebook ou soit-disant pirater le compte d’un tiers, sachez que c’est une arnaque permettant à cette personne d’accéder à votre compte Facebook. font-family:helvetica; font-size:20px;  @ https://static.xx.fbcdn.net/rsrc.php/v4/yn/r/1Rk4BX8YPYQ.js:242
[ 1385870ms] [LOG] 
%cConsultez https://www.facebook.com/selfxss pour plus d’informations. font-family:helvetica; font-size:20px;  @ https://static.xx.fbcdn.net/rsrc.php/v4/yn/r/1Rk4BX8YPYQ.js:242
[ 1385870ms] [LOG] 
%c  @ https://static.xx.fbcdn.net/rsrc.php/v4/yn/r/1Rk4BX8YPYQ.js:242
[ 1385966ms] [ERROR] ErrorUtils caught an error:

terminate stream because StartStreamFailure with msg : UNAUTHENTICATED [Caught in: Subscription error in preprocessResponse]

Subsequent non-fatal errors won't be logged; see https://fburl.com/debugjs. {column: 180, clientTime: 1776451633, extra: Object, guardList: Array(0), hash: nb3ncs} @ https://static.xx.fbcdn.net/rsrc.php/v4/yn/r/1Rk4BX8YPYQ.js:78
[ 1386262ms] [ERROR] Permissions policy violation: unload is not allowed in this document. @ https://static.xx.fbcdn.net/rsrc.php/v4/y2/r/JJ4tWEgqL9L.js:322
[ 1392487ms] [WARNING] Blocked aria-hidden on an element because its descendant retained focus. The focus must not be hidden from assistive technology users. Avoid using aria-hidden on a focused element or its ancestor. Consider using the inert attribute instead, which will also prevent focus. For more details, see the aria-hidden section of the WAI-ARIA specification at https://w3c.github.io/aria/#aria-hidden.
Element with focus: <td.rc-imageselect-tile#10>
Ancestor with aria-hidden: <div.rc-imageselect-target#rc-imageselect-target> @ https://www.google.com/recaptcha/enterprise/bframe?hl=fr&v=gTpTIWhbKpxADzTzkcabhXN4&k=6LeyIlkaAAAAAE-EjcALU28lwxWPusUvGL3e0avS&bft=0dAFcWeA407H4rhHoH-8ekLXqnwd5ApHIBUJwnUU3o4UmupVPhb7gRVH73_GAtktOjS0PrP5bhm3CXA6iQEvHsfggyJp0S8WgJhQ:0
[ 1398072ms] [ERROR] ErrorUtils caught an error:

Non-error thrown: [object Object], keys: ["componentStack"]

Subsequent non-fatal errors won't be logged; see https://fburl.com/debugjs. {column: 2776, clientTime: 1776451646, extra: Object, guardList: Array(1), hash: 2bedzc} @ https://static.xx.fbcdn.net/rsrc.php/v4/yQ/r/gSWw_ZOWpXl.js:78
[ 1398073ms] Object
[ 1398129ms] [LOG] 
%cStop ! font-family:helvetica; font-size:20px; font-size:50px; font-weight:bold; color:red; -webkit-text-stroke:1px black; @ https://static.xx.fbcdn.net/rsrc.php/v4/yQ/r/gSWw_ZOWpXl.js:242
[ 1398129ms] [LOG] 
%cIl s’agit d’une fonctionnalité de navigateur conçue pour les développeurs. Si quelqu’un vous a invité(e) à copier-coller quelque chose ici pour activer une fonctionnalité Facebook ou soit-disant pirater le compte d’un tiers, sachez que c’est une arnaque permettant à cette personne d’accéder à votre compte Facebook. font-family:helvetica; font-size:20px;  @ https://static.xx.fbcdn.net/rsrc.php/v4/yQ/r/gSWw_ZOWpXl.js:242
[ 1398129ms] [LOG] 
%cConsultez https://www.facebook.com/selfxss pour plus d’informations. font-family:helvetica; font-size:20px;  @ https://static.xx.fbcdn.net/rsrc.php/v4/yQ/r/gSWw_ZOWpXl.js:242
[ 1398129ms] [LOG] 
%c  @ https://static.xx.fbcdn.net/rsrc.php/v4/yQ/r/gSWw_ZOWpXl.js:242
[ 2294531ms] [ERROR] Permissions policy violation: unload is not allowed in this document. @ https://static.xx.fbcdn.net/rsrc.php/v4/y2/r/JJ4tWEgqL9L.js:322
[ 2297024ms] [LOG] 
%cStop ! font-family:helvetica; font-size:20px; font-size:50px; font-weight:bold; color:red; -webkit-text-stroke:1px black; @ https://static.xx.fbcdn.net/rsrc.php/v4/yQ/r/gSWw_ZOWpXl.js:242
[ 2297024ms] [LOG] 
%cIl s’agit d’une fonctionnalité de navigateur conçue pour les développeurs. Si quelqu’un vous a invité(e) à copier-coller quelque chose ici pour activer une fonctionnalité Facebook ou soit-disant pirater le compte d’un tiers, sachez que c’est une arnaque permettant à cette personne d’accéder à votre compte Facebook. font-family:helvetica; font-size:20px;  @ https://static.xx.fbcdn.net/rsrc.php/v4/yQ/r/gSWw_ZOWpXl.js:242
[ 2297024ms] [LOG] 
%cConsultez https://www.facebook.com/selfxss pour plus d’informations. font-family:helvetica; font-size:20px;  @ https://static.xx.fbcdn.net/rsrc.php/v4/yQ/r/gSWw_ZOWpXl.js:242
[ 2297024ms] [LOG] 
%c  @ https://static.xx.fbcdn.net/rsrc.php/v4/yQ/r/gSWw_ZOWpXl.js:242
[ 2297339ms] [ERROR] Failed to load resource: the server responded with a status of 500 () @ https://www.facebook.com/ajax/timezone/update.php:0
