[     338ms] [ERROR] Failed to load resource: the server responded with a status of 404 () @ https://www.facebook.com/people/LES-Basakata-Questionsreponses/100067644754615/search/?q=livre:0
[    1790ms] [LOG] 
%cStop ! font-family:helvetica; font-size:20px; font-size:50px; font-weight:bold; color:red; -webkit-text-stroke:1px black; @ https://static.xx.fbcdn.net/rsrc.php/v4/yQ/r/gSWw_ZOWpXl.js:242
[    1791ms] [LOG] 
%cIl s’agit d’une fonctionnalité de navigateur conçue pour les développeurs. Si quelqu’un vous a invité(e) à copier-coller quelque chose ici pour activer une fonctionnalité Facebook ou soit-disant pirater le compte d’un tiers, sachez que c’est une arnaque permettant à cette personne d’accéder à votre compte Facebook. font-family:helvetica; font-size:20px;  @ https://static.xx.fbcdn.net/rsrc.php/v4/yQ/r/gSWw_ZOWpXl.js:242
[    1791ms] [LOG] 
%cConsultez https://www.facebook.com/selfxss pour plus d’informations. font-family:helvetica; font-size:20px;  @ https://static.xx.fbcdn.net/rsrc.php/v4/yQ/r/gSWw_ZOWpXl.js:242
[    1791ms] [LOG] 
%c  @ https://static.xx.fbcdn.net/rsrc.php/v4/yQ/r/gSWw_ZOWpXl.js:242
[   19633ms] [ERROR] Permissions policy violation: unload is not allowed in this document. @ https://static.xx.fbcdn.net/rsrc.php/v4/y2/r/JJ4tWEgqL9L.js:322
[   20870ms] [LOG] 
%cStop ! font-family:helvetica; font-size:20px; font-size:50px; font-weight:bold; color:red; -webkit-text-stroke:1px black; @ https://static.xx.fbcdn.net/rsrc.php/v4/yQ/r/gSWw_ZOWpXl.js:242
[   20870ms] [LOG] 
%cIl s’agit d’une fonctionnalité de navigateur conçue pour les développeurs. Si quelqu’un vous a invité(e) à copier-coller quelque chose ici pour activer une fonctionnalité Facebook ou soit-disant pirater le compte d’un tiers, sachez que c’est une arnaque permettant à cette personne d’accéder à votre compte Facebook. font-family:helvetica; font-size:20px;  @ https://static.xx.fbcdn.net/rsrc.php/v4/yQ/r/gSWw_ZOWpXl.js:242
[   20870ms] [LOG] 
%cConsultez https://www.facebook.com/selfxss pour plus d’informations. font-family:helvetica; font-size:20px;  @ https://static.xx.fbcdn.net/rsrc.php/v4/yQ/r/gSWw_ZOWpXl.js:242
[   20870ms] [LOG] 
%c  @ https://static.xx.fbcdn.net/rsrc.php/v4/yQ/r/gSWw_ZOWpXl.js:242
[   22211ms] [WARNING] Canvas2D: Multiple readback operations using getImageData are faster with the willReadFrequently attribute set to true. See: https://html.spec.whatwg.org/multipage/canvas.html#concept-canvas-will-read-frequently @ https://static.xx.fbcdn.net/rsrc.php/v4/yz/r/Ucf3x_5796r.js:9
[   22961ms] [WARNING] Canvas2D: Multiple readback operations using getImageData are faster with the willReadFrequently attribute set to true. See: https://html.spec.whatwg.org/multipage/canvas.html#concept-canvas-will-read-frequently @ https://static.xx.fbcdn.net/rsrc.php/v4/yz/r/Ucf3x_5796r.js:9
[   23396ms] [WARNING] Canvas2D: Multiple readback operations using getImageData are faster with the willReadFrequently attribute set to true. See: https://html.spec.whatwg.org/multipage/canvas.html#concept-canvas-will-read-frequently @ https://static.xx.fbcdn.net/rsrc.php/v4/yz/r/Ucf3x_5796r.js:9
[   23398ms] [WARNING] Canvas2D: Multiple readback operations using getImageData are faster with the willReadFrequently attribute set to true. See: https://html.spec.whatwg.org/multipage/canvas.html#concept-canvas-will-read-frequently @ https://static.xx.fbcdn.net/rsrc.php/v4/yz/r/Ucf3x_5796r.js:9
[   23918ms] [WARNING] Canvas2D: Multiple readback operations using getImageData are faster with the willReadFrequently attribute set to true. See: https://html.spec.whatwg.org/multipage/canvas.html#concept-canvas-will-read-frequently @ https://static.xx.fbcdn.net/rsrc.php/v4/yz/r/Ucf3x_5796r.js:9
[   23944ms] [ERROR] Failed to load resource: net::ERR_FAILED @ chrome-extension://invalid/:0
[   23963ms] [ERROR] Failed to load resource: net::ERR_FAILED @ chrome-extension://invalid/:0
[   23970ms] [ERROR] Failed to load resource: net::ERR_FAILED @ chrome-extension://invalid/:0
[   23975ms] [ERROR] Failed to load resource: net::ERR_FAILED @ chrome-extension://invalid/:0
[   24629ms] [WARNING] Canvas2D: Multiple readback operations using getImageData are faster with the willReadFrequently attribute set to true. See: https://html.spec.whatwg.org/multipage/canvas.html#concept-canvas-will-read-frequently @ https://static.xx.fbcdn.net/rsrc.php/v4/yz/r/Ucf3x_5796r.js:9
[   31096ms] [WARNING] Canvas2D: Multiple readback operations using getImageData are faster with the willReadFrequently attribute set to true. See: https://html.spec.whatwg.org/multipage/canvas.html#concept-canvas-will-read-frequently @ https://static.xx.fbcdn.net/rsrc.php/v4/yz/r/Ucf3x_5796r.js:9
