[     422ms] [LOG] [Fast Refresh] rebuilding @ http://localhost:3000/_next/static/chunks/node_modules_next_dist_115brz8._.js:2431
[    1387ms] [LOG] [Fast Refresh] done in 1072ms @ http://localhost:3000/_next/static/chunks/node_modules_next_dist_115brz8._.js:2431
[    1443ms] [INFO] %cDownload the React DevTools for a better development experience: https://react.dev/link/react-devtools font-weight:bold @ http://localhost:3000/_next/static/chunks/node_modules_next_dist_115brz8._.js:2431
[    1475ms] [LOG] [HMR] connected @ http://localhost:3000/_next/static/chunks/node_modules_next_dist_115brz8._.js:2431
[    1817ms] [ERROR] Failed to load resource: the server responded with a status of 404 (Not Found) @ http://localhost:3000/textures/noise.png:0
[    1904ms] [ERROR] Failed to load resource: the server responded with a status of 401 () @ https://api.mapbox.com/styles/v1/mapbox/standard?sdk=js-3.21.0&access_token=pk.eyJ1IjoibWFzdGFqaWdnYSIsImEiOiJjbW8xeWZnZ3kwaXFmMnFyMG1tbGJqb2F3In0.j-0FhIuUygMNxevP8tUb-AR:0
[    1905ms] [ERROR] Ut: : you may have provided an invalid Mapbox access token. See https://docs.mapbox.com/api/overview/#access-tokens-and-token-scopes
    at http://localhost:3000/_next/static/chunks/node_modules_mapbox-gl_dist_mapbox-gl_0uejyg~.js:890:35 @ http://localhost:3000/_next/static/chunks/node_modules_next_dist_115brz8._.js:3272
[    2031ms] [LOG] [Fast Refresh] rebuilding @ http://localhost:3000/_next/static/chunks/node_modules_next_dist_115brz8._.js:2431
[    2031ms] [LOG] [Fast Refresh] done in 111ms @ http://localhost:3000/_next/static/chunks/node_modules_next_dist_115brz8._.js:2431
[  230360ms] [LOG] [Fast Refresh] rebuilding @ http://localhost:3000/_next/static/chunks/node_modules_next_dist_115brz8._.js:2431
[  230438ms] [LOG] [Fast Refresh] done in 181ms @ http://localhost:3000/_next/static/chunks/node_modules_next_dist_115brz8._.js:2431
[  879843ms] [LOG] [Fast Refresh] rebuilding @ http://localhost:3000/_next/static/chunks/node_modules_next_dist_115brz8._.js:2431
[  879902ms] [WARNING] [Fast Refresh] performing full reload

Fast Refresh will perform a full reload when you edit a file that's imported by modules outside of the React rendering tree.
You might have a file which exports a React component but also exports a value that is imported by a non-React component file.
Consider migrating the non-React component export to a separate file and importing it into both files.

It is also possible the parent component of the component you edited is a class component, which disables Fast Refresh.
Fast Refresh requires at least one parent function component in your React tree. @ http://localhost:3000/_next/static/chunks/node_modules_next_dist_115brz8._.js:2431
[  880009ms] [LOG] [Fast Refresh] done in 164ms @ http://localhost:3000/_next/static/chunks/node_modules_next_dist_115brz8._.js:2431
[  880125ms] [LOG] [Fast Refresh] rebuilding @ http://localhost:3000/_next/static/chunks/node_modules_next_dist_115brz8._.js:2431
[  880253ms] [LOG] [Fast Refresh] done in 236ms @ http://localhost:3000/_next/static/chunks/node_modules_next_dist_115brz8._.js:2431
[  880310ms] [VERBOSE] [DOM] Input elements should have autocomplete attributes (suggested: "current-password"): (More info: https://goo.gl/9p2vKq) %o @ http://localhost:3000/auth?redirect_to=%2Fgeographie:0
[  880361ms] [INFO] %cDownload the React DevTools for a better development experience: https://react.dev/link/react-devtools font-weight:bold @ http://localhost:3000/_next/static/chunks/node_modules_next_dist_115brz8._.js:2431
[  880468ms] [LOG] [HMR] connected @ http://localhost:3000/_next/static/chunks/node_modules_next_dist_115brz8._.js:2431
[  882456ms] [LOG] [Fast Refresh] rebuilding @ http://localhost:3000/_next/static/chunks/node_modules_next_dist_115brz8._.js:2431
[  882478ms] [LOG] [Fast Refresh] done in 145ms @ http://localhost:3000/_next/static/chunks/node_modules_next_dist_115brz8._.js:2431
[ 5517483ms] [LOG] [Fast Refresh] rebuilding @ http://localhost:3000/_next/static/chunks/node_modules_next_dist_115brz8._.js:2431
[ 5517637ms] [LOG] [Fast Refresh] done in 264ms @ http://localhost:3000/_next/static/chunks/node_modules_next_dist_115brz8._.js:2431
[ 5517749ms] [LOG] [Fast Refresh] rebuilding @ http://localhost:3000/_next/static/chunks/node_modules_next_dist_115brz8._.js:2431
[ 5519417ms] [LOG] [Fast Refresh] done in 1732ms @ http://localhost:3000/_next/static/chunks/node_modules_next_dist_115brz8._.js:2431
[ 5734502ms] [LOG] [Fast Refresh] rebuilding @ http://localhost:3000/_next/static/chunks/node_modules_next_dist_115brz8._.js:2431
[ 5734599ms] [LOG] [Fast Refresh] done in 211ms @ http://localhost:3000/_next/static/chunks/node_modules_next_dist_115brz8._.js:2431
[ 5742548ms] [LOG] [Fast Refresh] rebuilding @ http://localhost:3000/_next/static/chunks/node_modules_next_dist_115brz8._.js:2431
[ 5742643ms] [LOG] [Fast Refresh] done in 202ms @ http://localhost:3000/_next/static/chunks/node_modules_next_dist_115brz8._.js:2431
[ 5753345ms] [LOG] [Fast Refresh] rebuilding @ http://localhost:3000/_next/static/chunks/node_modules_next_dist_115brz8._.js:2431
[ 5753424ms] [LOG] [Fast Refresh] done in 186ms @ http://localhost:3000/_next/static/chunks/node_modules_next_dist_115brz8._.js:2431
[ 5765563ms] [LOG] [Fast Refresh] rebuilding @ http://localhost:3000/_next/static/chunks/node_modules_next_dist_115brz8._.js:2431
[ 5765595ms] [LOG] [Fast Refresh] done in 138ms @ http://localhost:3000/_next/static/chunks/node_modules_next_dist_115brz8._.js:2431
[24313183ms] [VERBOSE] [DOM] Input elements should have autocomplete attributes (suggested: "current-password"): (More info: https://goo.gl/9p2vKq) %o @ http://localhost:3000/auth?redirect_to=%2Fgeographie:0
[24313256ms] [INFO] %cDownload the React DevTools for a better development experience: https://react.dev/link/react-devtools font-weight:bold @ http://localhost:3000/_next/static/chunks/node_modules_next_dist_115brz8._.js:2431
[24313420ms] [LOG] [HMR] connected @ http://localhost:3000/_next/static/chunks/node_modules_next_dist_115brz8._.js:2431
[24313462ms] [LOG] [AuthProvider] Render (isLoading: true, hasUser: false) @ http://localhost:3000/_next/static/chunks/node_modules_next_dist_115brz8._.js:2431
[24313462ms] [LOG] [AuthProvider] Render (isLoading: true, hasUser: false) @ http://localhost:3000/_next/static/chunks/node_modules_next_dist_115brz8._.js:2431
[24313502ms] [LOG] [ChatUnread] Fetching for user: undefined @ http://localhost:3000/_next/static/chunks/node_modules_next_dist_115brz8._.js:2431
[24313507ms] [LOG] [AuthProvider] init: START @ http://localhost:3000/_next/static/chunks/node_modules_next_dist_115brz8._.js:2431
[24313507ms] [LOG] [AuthProvider] init: getSession start... @ http://localhost:3000/_next/static/chunks/node_modules_next_dist_115brz8._.js:2431
[24313534ms] [LOG] [AuthProvider] init: session status: false @ http://localhost:3000/_next/static/chunks/node_modules_next_dist_115brz8._.js:2431
[24313534ms] [LOG] [AuthProvider] init: no session or unmounted @ http://localhost:3000/_next/static/chunks/node_modules_next_dist_115brz8._.js:2431
[24313535ms] [LOG] [AuthProvider] init: finally block - setting loading to false @ http://localhost:3000/_next/static/chunks/node_modules_next_dist_115brz8._.js:2431
[24313535ms] [LOG] [AuthProvider] init: promise resolved @ http://localhost:3000/_next/static/chunks/node_modules_next_dist_115brz8._.js:2431
[24313535ms] [LOG] [AuthProvider] Render (isLoading: false, hasUser: false) @ http://localhost:3000/_next/static/chunks/node_modules_next_dist_115brz8._.js:2431
[24313536ms] [LOG] [AuthProvider] Render (isLoading: false, hasUser: false) @ http://localhost:3000/_next/static/chunks/node_modules_next_dist_115brz8._.js:2431
[24313758ms] [LOG] [AuthProvider] Render (isLoading: false, hasUser: false) @ http://localhost:3000/_next/static/chunks/node_modules_next_dist_115brz8._.js:2431
[24313758ms] [LOG] [AuthProvider] Render (isLoading: false, hasUser: false) @ http://localhost:3000/_next/static/chunks/node_modules_next_dist_115brz8._.js:2431
[24315165ms] [LOG] [Fast Refresh] rebuilding @ http://localhost:3000/_next/static/chunks/node_modules_next_dist_115brz8._.js:2431
[24315444ms] [LOG] [Fast Refresh] done in 394ms @ http://localhost:3000/_next/static/chunks/node_modules_next_dist_115brz8._.js:2431
[24528114ms] [LOG] [Fast Refresh] rebuilding @ http://localhost:3000/_next/static/chunks/node_modules_next_dist_115brz8._.js:2431
[24528285ms] [LOG] [Fast Refresh] done in 283ms @ http://localhost:3000/_next/static/chunks/node_modules_next_dist_115brz8._.js:2431
[24535116ms] [LOG] [Fast Refresh] rebuilding @ http://localhost:3000/_next/static/chunks/node_modules_next_dist_115brz8._.js:2431
[24535276ms] [LOG] [Fast Refresh] done in 270ms @ http://localhost:3000/_next/static/chunks/node_modules_next_dist_115brz8._.js:2431
